Analysis & Synthesis report for term_project
Wed Jun 05 19:54:18 2024
Quartus II 64-Bit Version 13.1.0 Build 162 10/23/2013 SJ Web Edition


---------------------
; Table of Contents ;
---------------------
  1. Legal Notice
  2. Analysis & Synthesis Summary
  3. Analysis & Synthesis Settings
  4. Parallel Compilation
  5. Analysis & Synthesis Source Files Read
  6. Analysis & Synthesis Resource Usage Summary
  7. Analysis & Synthesis Resource Utilization by Entity
  8. User-Specified and Inferred Latches
  9. General Register Statistics
 10. Multiplexer Restructuring Statistics (Restructuring Performed)
 11. Parameter Settings for User Entity Instance: pixelGenerator:pg
 12. Parameter Settings for User Entity Instance: simple_480p:screen
 13. Port Connectivity Checks: "simple_480p:screen"
 14. Port Connectivity Checks: "pixelGenerator:pg"
 15. Elapsed Time Per Partition
 16. Analysis & Synthesis Messages



----------------
; Legal Notice ;
----------------
Copyright (C) 1991-2013 Altera Corporation
Your use of Altera Corporation's design tools, logic functions 
and other software and tools, and its AMPP partner logic 
functions, and any output files from any of the foregoing 
(including device programming or simulation files), and any 
associated documentation or information are expressly subject 
to the terms and conditions of the Altera Program License 
Subscription Agreement, Altera MegaCore Function License 
Agreement, or other applicable license agreement, including, 
without limitation, that your use is for the sole purpose of 
programming logic devices manufactured by Altera and sold by 
Altera or its authorized distributors.  Please refer to the 
applicable agreement for further details.



+------------------------------------------------------------------------------+
; Analysis & Synthesis Summary                                                 ;
+---------------------------------+--------------------------------------------+
; Analysis & Synthesis Status     ; Successful - Wed Jun 05 19:54:18 2024      ;
; Quartus II 64-Bit Version       ; 13.1.0 Build 162 10/23/2013 SJ Web Edition ;
; Revision Name                   ; term_project                               ;
; Top-level Entity Name           ; term_project                               ;
; Family                          ; Cyclone V                                  ;
; Logic utilization (in ALMs)     ; N/A                                        ;
; Total registers                 ; 21                                         ;
; Total pins                      ; 168                                        ;
; Total virtual pins              ; 0                                          ;
; Total block memory bits         ; 0                                          ;
; Total DSP Blocks                ; 0                                          ;
; Total HSSI RX PCSs              ; 0                                          ;
; Total HSSI PMA RX Deserializers ; 0                                          ;
; Total HSSI TX PCSs              ; 0                                          ;
; Total HSSI TX Channels          ; 0                                          ;
; Total PLLs                      ; 0                                          ;
; Total DLLs                      ; 0                                          ;
+---------------------------------+--------------------------------------------+


+---------------------------------------------------------------------------------------------------------------------------+
; Analysis & Synthesis Settings                                                                                             ;
+---------------------------------------------------------------------------------+--------------------+--------------------+
; Option                                                                          ; Setting            ; Default Value      ;
+---------------------------------------------------------------------------------+--------------------+--------------------+
; Device                                                                          ; 5CSEMA5F31C6       ;                    ;
; Top-level entity name                                                           ; term_project       ; term_project       ;
; Family name                                                                     ; Cyclone V          ; Cyclone IV GX      ;
; Use smart compilation                                                           ; Off                ; Off                ;
; Enable parallel Assembler and TimeQuest Timing Analyzer during compilation      ; On                 ; On                 ;
; Enable compact report table                                                     ; Off                ; Off                ;
; Restructure Multiplexers                                                        ; Auto               ; Auto               ;
; MLAB Add Timing Constraints For Mixed-Port Feed-Through Mode Setting Don't Care ; Off                ; Off                ;
; Create Debugging Nodes for IP Cores                                             ; Off                ; Off                ;
; Preserve fewer node names                                                       ; On                 ; On                 ;
; Disable OpenCore Plus hardware evaluation                                       ; Off                ; Off                ;
; Verilog Version                                                                 ; Verilog_2001       ; Verilog_2001       ;
; VHDL Version                                                                    ; VHDL_1993          ; VHDL_1993          ;
; State Machine Processing                                                        ; Auto               ; Auto               ;
; Safe State Machine                                                              ; Off                ; Off                ;
; Extract Verilog State Machines                                                  ; On                 ; On                 ;
; Extract VHDL State Machines                                                     ; On                 ; On                 ;
; Ignore Verilog initial constructs                                               ; Off                ; Off                ;
; Iteration limit for constant Verilog loops                                      ; 5000               ; 5000               ;
; Iteration limit for non-constant Verilog loops                                  ; 250                ; 250                ;
; Add Pass-Through Logic to Inferred RAMs                                         ; On                 ; On                 ;
; Infer RAMs from Raw Logic                                                       ; On                 ; On                 ;
; Parallel Synthesis                                                              ; On                 ; On                 ;
; DSP Block Balancing                                                             ; Auto               ; Auto               ;
; NOT Gate Push-Back                                                              ; On                 ; On                 ;
; Power-Up Don't Care                                                             ; On                 ; On                 ;
; Remove Redundant Logic Cells                                                    ; Off                ; Off                ;
; Remove Duplicate Registers                                                      ; On                 ; On                 ;
; Ignore CARRY Buffers                                                            ; Off                ; Off                ;
; Ignore CASCADE Buffers                                                          ; Off                ; Off                ;
; Ignore GLOBAL Buffers                                                           ; Off                ; Off                ;
; Ignore ROW GLOBAL Buffers                                                       ; Off                ; Off                ;
; Ignore LCELL Buffers                                                            ; Off                ; Off                ;
; Ignore SOFT Buffers                                                             ; On                 ; On                 ;
; Limit AHDL Integers to 32 Bits                                                  ; Off                ; Off                ;
; Optimization Technique                                                          ; Balanced           ; Balanced           ;
; Carry Chain Length                                                              ; 70                 ; 70                 ;
; Auto Carry Chains                                                               ; On                 ; On                 ;
; Auto Open-Drain Pins                                                            ; On                 ; On                 ;
; Perform WYSIWYG Primitive Resynthesis                                           ; Off                ; Off                ;
; Auto ROM Replacement                                                            ; On                 ; On                 ;
; Auto RAM Replacement                                                            ; On                 ; On                 ;
; Auto DSP Block Replacement                                                      ; On                 ; On                 ;
; Auto Shift Register Replacement                                                 ; Auto               ; Auto               ;
; Allow Shift Register Merging across Hierarchies                                 ; Auto               ; Auto               ;
; Auto Clock Enable Replacement                                                   ; On                 ; On                 ;
; Strict RAM Replacement                                                          ; Off                ; Off                ;
; Allow Synchronous Control Signals                                               ; On                 ; On                 ;
; Force Use of Synchronous Clear Signals                                          ; Off                ; Off                ;
; Auto Resource Sharing                                                           ; Off                ; Off                ;
; Allow Any RAM Size For Recognition                                              ; Off                ; Off                ;
; Allow Any ROM Size For Recognition                                              ; Off                ; Off                ;
; Allow Any Shift Register Size For Recognition                                   ; Off                ; Off                ;
; Use LogicLock Constraints during Resource Balancing                             ; On                 ; On                 ;
; Ignore translate_off and synthesis_off directives                               ; Off                ; Off                ;
; Timing-Driven Synthesis                                                         ; On                 ; On                 ;
; Report Parameter Settings                                                       ; On                 ; On                 ;
; Report Source Assignments                                                       ; On                 ; On                 ;
; Report Connectivity Checks                                                      ; On                 ; On                 ;
; Ignore Maximum Fan-Out Assignments                                              ; Off                ; Off                ;
; Synchronization Register Chain Length                                           ; 3                  ; 3                  ;
; PowerPlay Power Optimization                                                    ; Normal compilation ; Normal compilation ;
; HDL message level                                                               ; Level2             ; Level2             ;
; Suppress Register Optimization Related Messages                                 ; Off                ; Off                ;
; Number of Removed Registers Reported in Synthesis Report                        ; 5000               ; 5000               ;
; Number of Swept Nodes Reported in Synthesis Report                              ; 5000               ; 5000               ;
; Number of Inverted Registers Reported in Synthesis Report                       ; 100                ; 100                ;
; Clock MUX Protection                                                            ; On                 ; On                 ;
; Auto Gated Clock Conversion                                                     ; Off                ; Off                ;
; Block Design Naming                                                             ; Auto               ; Auto               ;
; SDC constraint protection                                                       ; Off                ; Off                ;
; Synthesis Effort                                                                ; Auto               ; Auto               ;
; Shift Register Replacement - Allow Asynchronous Clear Signal                    ; On                 ; On                 ;
; Pre-Mapping Resynthesis Optimization                                            ; Off                ; Off                ;
; Analysis & Synthesis Message Level                                              ; Medium             ; Medium             ;
; Disable Register Merging Across Hierarchies                                     ; Auto               ; Auto               ;
; Resource Aware Inference For Block RAM                                          ; On                 ; On                 ;
; Synthesis Seed                                                                  ; 1                  ; 1                  ;
; Automatic Parallel Synthesis                                                    ; On                 ; On                 ;
+---------------------------------------------------------------------------------+--------------------+--------------------+


Parallel compilation was disabled, but you have multiple processors available. Enable parallel compilation to reduce compilation time.
+-------------------------------------+
; Parallel Compilation                ;
+----------------------------+--------+
; Processors                 ; Number ;
+----------------------------+--------+
; Number detected on machine ; 16     ;
; Maximum allowed            ; 1      ;
+----------------------------+--------+


+----------------------------------------------------------------------------------------------------------------------------------------------+
; Analysis & Synthesis Source Files Read                                                                                                       ;
+----------------------------------+-----------------+------------------------+------------------------------------------------------+---------+
; File Name with User-Entered Path ; Used in Netlist ; File Type              ; File Name with Absolute Path                         ; Library ;
+----------------------------------+-----------------+------------------------+------------------------------------------------------+---------+
; pixelGenerator.v                 ; yes             ; User Verilog HDL File  ; C:/Users/erenk/Desktop/term_project/pixelGenerator.v ;         ;
; simple_480p.v                    ; yes             ; User Verilog HDL File  ; C:/Users/erenk/Desktop/term_project/simple_480p.v    ;         ;
; term_project.v                   ; yes             ; User Verilog HDL File  ; C:/Users/erenk/Desktop/term_project/term_project.v   ;         ;
+----------------------------------+-----------------+------------------------+------------------------------------------------------+---------+


+------------------------------------------------------+
; Analysis & Synthesis Resource Usage Summary          ;
+---------------------------------------------+--------+
; Resource                                    ; Usage  ;
+---------------------------------------------+--------+
; Estimate of Logic utilization (ALMs needed) ; 83     ;
;                                             ;        ;
; Combinational ALUT usage for logic          ; 146    ;
;     -- 7 input functions                    ; 0      ;
;     -- 6 input functions                    ; 19     ;
;     -- 5 input functions                    ; 17     ;
;     -- 4 input functions                    ; 14     ;
;     -- <=3 input functions                  ; 96     ;
;                                             ;        ;
; Dedicated logic registers                   ; 21     ;
;                                             ;        ;
; I/O pins                                    ; 168    ;
; Total DSP Blocks                            ; 0      ;
; Maximum fan-out node                        ; clk_25 ;
; Maximum fan-out                             ; 22     ;
; Total fan-out                               ; 771    ;
; Average fan-out                             ; 1.46   ;
+---------------------------------------------+--------+


+------------------------------------------------------------------------------------------------------------------------------------------------------------------------+
; Analysis & Synthesis Resource Utilization by Entity                                                                                                                    ;
+----------------------------+-------------------+--------------+-------------------+------------+------+--------------+----------------------------------+--------------+
; Compilation Hierarchy Node ; LC Combinationals ; LC Registers ; Block Memory Bits ; DSP Blocks ; Pins ; Virtual Pins ; Full Hierarchy Name              ; Library Name ;
+----------------------------+-------------------+--------------+-------------------+------------+------+--------------+----------------------------------+--------------+
; |term_project              ; 146 (1)           ; 21 (1)       ; 0                 ; 0          ; 168  ; 0            ; |term_project                    ; work         ;
;    |pixelGenerator:pg|     ; 113 (113)         ; 0 (0)        ; 0                 ; 0          ; 0    ; 0            ; |term_project|pixelGenerator:pg  ; work         ;
;    |simple_480p:screen|    ; 32 (32)           ; 20 (20)      ; 0                 ; 0          ; 0    ; 0            ; |term_project|simple_480p:screen ; work         ;
+----------------------------+-------------------+--------------+-------------------+------------+------+--------------+----------------------------------+--------------+
Note: For table entries with two numbers listed, the numbers in parentheses indicate the number of resources of the given type used by the specific entity alone. The numbers listed outside of parentheses indicate the total resources of the given type used by the specific entity and all of its sub-entities in the hierarchy.


+----------------------------------------------------------------------------------------------------+
; User-Specified and Inferred Latches                                                                ;
+-----------------------------------------------------+---------------------+------------------------+
; Latch Name                                          ; Latch Enable Signal ; Free of Timing Hazards ;
+-----------------------------------------------------+---------------------+------------------------+
; pixelGenerator:pg|rgb[2]                            ; GND                 ; yes                    ;
; pixelGenerator:pg|rgb[3]                            ; GND                 ; yes                    ;
; pixelGenerator:pg|rgb[5]                            ; GND                 ; yes                    ;
; pixelGenerator:pg|rgb[6]                            ; GND                 ; yes                    ;
; pixelGenerator:pg|rgb[7]                            ; GND                 ; yes                    ;
; pixelGenerator:pg|rgb[13]                           ; GND                 ; yes                    ;
; pixelGenerator:pg|rgb[15]                           ; GND                 ; yes                    ;
; pixelGenerator:pg|rgb[16]                           ; GND                 ; yes                    ;
; pixelGenerator:pg|rgb[17]                           ; GND                 ; yes                    ;
; pixelGenerator:pg|rgb[18]                           ; GND                 ; yes                    ;
; pixelGenerator:pg|rgb[19]                           ; GND                 ; yes                    ;
; pixelGenerator:pg|rgb[20]                           ; GND                 ; yes                    ;
; pixelGenerator:pg|rgb[21]                           ; GND                 ; yes                    ;
; pixelGenerator:pg|rgb[22]                           ; GND                 ; yes                    ;
; pixelGenerator:pg|rgb[23]                           ; GND                 ; yes                    ;
; Number of user-specified and inferred latches = 15  ;                     ;                        ;
+-----------------------------------------------------+---------------------+------------------------+
Note: All latches listed above may not be present at the end of synthesis due to various synthesis optimizations.


+------------------------------------------------------+
; General Register Statistics                          ;
+----------------------------------------------+-------+
; Statistic                                    ; Value ;
+----------------------------------------------+-------+
; Total registers                              ; 21    ;
; Number of registers using Synchronous Clear  ; 20    ;
; Number of registers using Synchronous Load   ; 0     ;
; Number of registers using Asynchronous Clear ; 0     ;
; Number of registers using Asynchronous Load  ; 0     ;
; Number of registers using Clock Enable       ; 10    ;
; Number of registers using Preset             ; 0     ;
+----------------------------------------------+-------+


+-------------------------------------------------------------------------------------------------------------------------------------------------------+
; Multiplexer Restructuring Statistics (Restructuring Performed)                                                                                        ;
+--------------------+-----------+---------------+----------------------+------------------------+------------+-----------------------------------------+
; Multiplexer Inputs ; Bus Width ; Baseline Area ; Area if Restructured ; Saving if Restructured ; Registered ; Example Multiplexer Output              ;
+--------------------+-----------+---------------+----------------------+------------------------+------------+-----------------------------------------+
; 3:1                ; 3 bits    ; 6 LEs         ; 6 LEs                ; 0 LEs                  ; No         ; |term_project|pixelGenerator:pg|rgb[15] ;
; 4:1                ; 2 bits    ; 4 LEs         ; 4 LEs                ; 0 LEs                  ; No         ; |term_project|pixelGenerator:pg|rgb[7]  ;
+--------------------+-----------+---------------+----------------------+------------------------+------------+-----------------------------------------+


+----------------------------------------------------------------+
; Parameter Settings for User Entity Instance: pixelGenerator:pg ;
+----------------+--------------------------+--------------------+
; Parameter Name ; Value                    ; Type               ;
+----------------+--------------------------+--------------------+
; RED            ; 111111110000000000000000 ; Unsigned Binary    ;
; GREEN          ; 000000001111111100000000 ; Unsigned Binary    ;
; BLUE           ; 000000000000000011111111 ; Unsigned Binary    ;
; YELLOW         ; 111111111111111100000000 ; Unsigned Binary    ;
; BLACK          ; 000000000000000000000000 ; Unsigned Binary    ;
; GRAY           ; 101000001010000010100000 ; Unsigned Binary    ;
; DARK_BLUE      ; 000000000000000011001100 ; Unsigned Binary    ;
; CHARACTER      ; 110011000000000000000000 ; Unsigned Binary    ;
+----------------+--------------------------+--------------------+
Note: In order to hide this table in the UI and the text report file, please set the "Show Parameter Settings in Synthesis Report" option in "Analysis and Synthesis Settings -> More Settings" to "Off".


+-----------------------------------------------------------------+
; Parameter Settings for User Entity Instance: simple_480p:screen ;
+----------------+-------+----------------------------------------+
; Parameter Name ; Value ; Type                                   ;
+----------------+-------+----------------------------------------+
; HA_END         ; 639   ; Signed Integer                         ;
; HS_STA         ; 655   ; Signed Integer                         ;
; HS_END         ; 751   ; Signed Integer                         ;
; LINE           ; 799   ; Signed Integer                         ;
; VA_END         ; 479   ; Signed Integer                         ;
; VS_STA         ; 489   ; Signed Integer                         ;
; VS_END         ; 491   ; Signed Integer                         ;
; SCREEN         ; 524   ; Signed Integer                         ;
+----------------+-------+----------------------------------------+
Note: In order to hide this table in the UI and the text report file, please set the "Show Parameter Settings in Synthesis Report" option in "Analysis and Synthesis Settings -> More Settings" to "Off".


+---------------------------------------------------------------------------------------------------------------------------------------------------------------------------+
; Port Connectivity Checks: "simple_480p:screen"                                                                                                                            ;
+---------+-------+----------+----------------------------------------------------------------------------------------------------------------------------------------------+
; Port    ; Type  ; Severity ; Details                                                                                                                                      ;
+---------+-------+----------+----------------------------------------------------------------------------------------------------------------------------------------------+
; rst_pix ; Input ; Warning  ; Declared by entity but not connected by instance. If a default value exists, it will be used.  Otherwise, the port will be connected to GND. ;
+---------+-------+----------+----------------------------------------------------------------------------------------------------------------------------------------------+


+-----------------------------------------------------------------------------------------------------------------------------------------------------------------------------+
; Port Connectivity Checks: "pixelGenerator:pg"                                                                                                                               ;
+-----------+-------+----------+----------------------------------------------------------------------------------------------------------------------------------------------+
; Port      ; Type  ; Severity ; Details                                                                                                                                      ;
+-----------+-------+----------+----------------------------------------------------------------------------------------------------------------------------------------------+
; clk_50MHz ; Input ; Warning  ; Declared by entity but not connected by instance. If a default value exists, it will be used.  Otherwise, the port will be connected to GND. ;
+-----------+-------+----------+----------------------------------------------------------------------------------------------------------------------------------------------+


+-------------------------------+
; Elapsed Time Per Partition    ;
+----------------+--------------+
; Partition Name ; Elapsed Time ;
+----------------+--------------+
; Top            ; 00:00:00     ;
+----------------+--------------+


+-------------------------------+
; Analysis & Synthesis Messages ;
+-------------------------------+
Info: *******************************************************************
Info: Running Quartus II 64-Bit Analysis & Synthesis
    Info: Version 13.1.0 Build 162 10/23/2013 SJ Web Edition
    Info: Processing started: Wed Jun 05 19:54:16 2024
Info: Command: quartus_map --read_settings_files=on --write_settings_files=off term_project -c term_project
Warning (20028): Parallel compilation is not licensed and has been disabled
Info (12021): Found 1 design units, including 1 entities, in source file pixelgenerator.v
    Info (12023): Found entity 1: pixelGenerator
Info (12021): Found 1 design units, including 1 entities, in source file simple_480p.v
    Info (12023): Found entity 1: simple_480p
Info (12021): Found 1 design units, including 1 entities, in source file term_project.v
    Info (12023): Found entity 1: term_project
Warning (10236): Verilog HDL Implicit Net warning at pixelGenerator.v(66): created implicit net for "rightScreen_on"
Warning (10236): Verilog HDL Implicit Net warning at pixelGenerator.v(67): created implicit net for "player_on"
Warning (10236): Verilog HDL Implicit Net warning at pixelGenerator.v(68): created implicit net for "origin_on"
Info (12127): Elaborating entity "term_project" for the top level hierarchy
Warning (10034): Output port "DRAM_ADDR" at term_project.v(29) has no driver
Warning (10034): Output port "DRAM_BA" at term_project.v(30) has no driver
Warning (10034): Output port "HEX0" at term_project.v(46) has no driver
Warning (10034): Output port "HEX1" at term_project.v(47) has no driver
Warning (10034): Output port "HEX2" at term_project.v(48) has no driver
Warning (10034): Output port "HEX3" at term_project.v(49) has no driver
Warning (10034): Output port "HEX4" at term_project.v(50) has no driver
Warning (10034): Output port "HEX5" at term_project.v(51) has no driver
Warning (10034): Output port "LEDR" at term_project.v(61) has no driver
Warning (10034): Output port "ADC_CONVST" at term_project.v(9) has no driver
Warning (10034): Output port "ADC_DIN" at term_project.v(10) has no driver
Warning (10034): Output port "ADC_SCLK" at term_project.v(12) has no driver
Warning (10034): Output port "AUD_DACDAT" at term_project.v(18) has no driver
Warning (10034): Output port "AUD_XCK" at term_project.v(20) has no driver
Warning (10034): Output port "DRAM_CAS_N" at term_project.v(31) has no driver
Warning (10034): Output port "DRAM_CKE" at term_project.v(32) has no driver
Warning (10034): Output port "DRAM_CLK" at term_project.v(33) has no driver
Warning (10034): Output port "DRAM_CS_N" at term_project.v(34) has no driver
Warning (10034): Output port "DRAM_LDQM" at term_project.v(36) has no driver
Warning (10034): Output port "DRAM_RAS_N" at term_project.v(37) has no driver
Warning (10034): Output port "DRAM_UDQM" at term_project.v(38) has no driver
Warning (10034): Output port "DRAM_WE_N" at term_project.v(39) has no driver
Warning (10034): Output port "FPGA_I2C_SCLK" at term_project.v(42) has no driver
Warning (10034): Output port "IRDA_TXD" at term_project.v(55) has no driver
Warning (10034): Output port "TD_RESET_N" at term_project.v(76) has no driver
Info (12128): Elaborating entity "pixelGenerator" for hierarchy "pixelGenerator:pg"
Warning (10240): Verilog HDL Always Construct warning at pixelGenerator.v(124): inferring latch(es) for variable "rgb", which holds its previous value in one or more paths through the always construct
Info (10041): Inferred latch for "rgb[0]" at pixelGenerator.v(127)
Info (10041): Inferred latch for "rgb[1]" at pixelGenerator.v(127)
Info (10041): Inferred latch for "rgb[2]" at pixelGenerator.v(127)
Info (10041): Inferred latch for "rgb[3]" at pixelGenerator.v(127)
Info (10041): Inferred latch for "rgb[4]" at pixelGenerator.v(127)
Info (10041): Inferred latch for "rgb[5]" at pixelGenerator.v(127)
Info (10041): Inferred latch for "rgb[6]" at pixelGenerator.v(127)
Info (10041): Inferred latch for "rgb[7]" at pixelGenerator.v(127)
Info (10041): Inferred latch for "rgb[8]" at pixelGenerator.v(127)
Info (10041): Inferred latch for "rgb[9]" at pixelGenerator.v(127)
Info (10041): Inferred latch for "rgb[10]" at pixelGenerator.v(127)
Info (10041): Inferred latch for "rgb[11]" at pixelGenerator.v(127)
Info (10041): Inferred latch for "rgb[12]" at pixelGenerator.v(127)
Info (10041): Inferred latch for "rgb[13]" at pixelGenerator.v(127)
Info (10041): Inferred latch for "rgb[14]" at pixelGenerator.v(127)
Info (10041): Inferred latch for "rgb[15]" at pixelGenerator.v(127)
Info (10041): Inferred latch for "rgb[16]" at pixelGenerator.v(127)
Info (10041): Inferred latch for "rgb[17]" at pixelGenerator.v(127)
Info (10041): Inferred latch for "rgb[18]" at pixelGenerator.v(127)
Info (10041): Inferred latch for "rgb[19]" at pixelGenerator.v(127)
Info (10041): Inferred latch for "rgb[20]" at pixelGenerator.v(127)
Info (10041): Inferred latch for "rgb[21]" at pixelGenerator.v(127)
Info (10041): Inferred latch for "rgb[22]" at pixelGenerator.v(127)
Info (10041): Inferred latch for "rgb[23]" at pixelGenerator.v(127)
Info (12128): Elaborating entity "simple_480p" for hierarchy "simple_480p:screen"
Warning (10230): Verilog HDL assignment warning at simple_480p.v(31): truncated value with size 32 to match size of target (10)
Warning (10230): Verilog HDL assignment warning at simple_480p.v(33): truncated value with size 32 to match size of target (10)
Warning (12241): 2 hierarchies have connectivity warnings - see the Connectivity Checks report folder
Warning (13039): The following bidir pins have no drivers
    Warning (13040): Bidir "AUD_ADCLRCK" has no driver
    Warning (13040): Bidir "AUD_BCLK" has no driver
    Warning (13040): Bidir "AUD_DACLRCK" has no driver
    Warning (13040): Bidir "DRAM_DQ[0]" has no driver
    Warning (13040): Bidir "DRAM_DQ[1]" has no driver
    Warning (13040): Bidir "DRAM_DQ[2]" has no driver
    Warning (13040): Bidir "DRAM_DQ[3]" has no driver
    Warning (13040): Bidir "DRAM_DQ[4]" has no driver
    Warning (13040): Bidir "DRAM_DQ[5]" has no driver
    Warning (13040): Bidir "DRAM_DQ[6]" has no driver
    Warning (13040): Bidir "DRAM_DQ[7]" has no driver
    Warning (13040): Bidir "DRAM_DQ[8]" has no driver
    Warning (13040): Bidir "DRAM_DQ[9]" has no driver
    Warning (13040): Bidir "DRAM_DQ[10]" has no driver
    Warning (13040): Bidir "DRAM_DQ[11]" has no driver
    Warning (13040): Bidir "DRAM_DQ[12]" has no driver
    Warning (13040): Bidir "DRAM_DQ[13]" has no driver
    Warning (13040): Bidir "DRAM_DQ[14]" has no driver
    Warning (13040): Bidir "DRAM_DQ[15]" has no driver
    Warning (13040): Bidir "FPGA_I2C_SDAT" has no driver
    Warning (13040): Bidir "PS2_CLK" has no driver
    Warning (13040): Bidir "PS2_CLK2" has no driver
    Warning (13040): Bidir "PS2_DAT" has no driver
    Warning (13040): Bidir "PS2_DAT2" has no driver
Warning (13024): Output pins are stuck at VCC or GND
    Warning (13410): Pin "ADC_CONVST" is stuck at GND
    Warning (13410): Pin "ADC_DIN" is stuck at GND
    Warning (13410): Pin "ADC_SCLK" is stuck at GND
    Warning (13410): Pin "AUD_DACDAT" is stuck at GND
    Warning (13410): Pin "AUD_XCK" is stuck at GND
    Warning (13410): Pin "DRAM_ADDR[0]" is stuck at GND
    Warning (13410): Pin "DRAM_ADDR[1]" is stuck at GND
    Warning (13410): Pin "DRAM_ADDR[2]" is stuck at GND
    Warning (13410): Pin "DRAM_ADDR[3]" is stuck at GND
    Warning (13410): Pin "DRAM_ADDR[4]" is stuck at GND
    Warning (13410): Pin "DRAM_ADDR[5]" is stuck at GND
    Warning (13410): Pin "DRAM_ADDR[6]" is stuck at GND
    Warning (13410): Pin "DRAM_ADDR[7]" is stuck at GND
    Warning (13410): Pin "DRAM_ADDR[8]" is stuck at GND
    Warning (13410): Pin "DRAM_ADDR[9]" is stuck at GND
    Warning (13410): Pin "DRAM_ADDR[10]" is stuck at GND
    Warning (13410): Pin "DRAM_ADDR[11]" is stuck at GND
    Warning (13410): Pin "DRAM_ADDR[12]" is stuck at GND
    Warning (13410): Pin "DRAM_BA[0]" is stuck at GND
    Warning (13410): Pin "DRAM_BA[1]" is stuck at GND
    Warning (13410): Pin "DRAM_CAS_N" is stuck at GND
    Warning (13410): Pin "DRAM_CKE" is stuck at GND
    Warning (13410): Pin "DRAM_CLK" is stuck at GND
    Warning (13410): Pin "DRAM_CS_N" is stuck at GND
    Warning (13410): Pin "DRAM_LDQM" is stuck at GND
    Warning (13410): Pin "DRAM_RAS_N" is stuck at GND
    Warning (13410): Pin "DRAM_UDQM" is stuck at GND
    Warning (13410): Pin "DRAM_WE_N" is stuck at GND
    Warning (13410): Pin "FPGA_I2C_SCLK" is stuck at GND
    Warning (13410): Pin "HEX0[0]" is stuck at GND
    Warning (13410): Pin "HEX0[1]" is stuck at GND
    Warning (13410): Pin "HEX0[2]" is stuck at GND
    Warning (13410): Pin "HEX0[3]" is stuck at GND
    Warning (13410): Pin "HEX0[4]" is stuck at GND
    Warning (13410): Pin "HEX0[5]" is stuck at GND
    Warning (13410): Pin "HEX0[6]" is stuck at GND
    Warning (13410): Pin "HEX1[0]" is stuck at GND
    Warning (13410): Pin "HEX1[1]" is stuck at GND
    Warning (13410): Pin "HEX1[2]" is stuck at GND
    Warning (13410): Pin "HEX1[3]" is stuck at GND
    Warning (13410): Pin "HEX1[4]" is stuck at GND
    Warning (13410): Pin "HEX1[5]" is stuck at GND
    Warning (13410): Pin "HEX1[6]" is stuck at GND
    Warning (13410): Pin "HEX2[0]" is stuck at GND
    Warning (13410): Pin "HEX2[1]" is stuck at GND
    Warning (13410): Pin "HEX2[2]" is stuck at GND
    Warning (13410): Pin "HEX2[3]" is stuck at GND
    Warning (13410): Pin "HEX2[4]" is stuck at GND
    Warning (13410): Pin "HEX2[5]" is stuck at GND
    Warning (13410): Pin "HEX2[6]" is stuck at GND
    Warning (13410): Pin "HEX3[0]" is stuck at GND
    Warning (13410): Pin "HEX3[1]" is stuck at GND
    Warning (13410): Pin "HEX3[2]" is stuck at GND
    Warning (13410): Pin "HEX3[3]" is stuck at GND
    Warning (13410): Pin "HEX3[4]" is stuck at GND
    Warning (13410): Pin "HEX3[5]" is stuck at GND
    Warning (13410): Pin "HEX3[6]" is stuck at GND
    Warning (13410): Pin "HEX4[0]" is stuck at GND
    Warning (13410): Pin "HEX4[1]" is stuck at GND
    Warning (13410): Pin "HEX4[2]" is stuck at GND
    Warning (13410): Pin "HEX4[3]" is stuck at GND
    Warning (13410): Pin "HEX4[4]" is stuck at GND
    Warning (13410): Pin "HEX4[5]" is stuck at GND
    Warning (13410): Pin "HEX4[6]" is stuck at GND
    Warning (13410): Pin "HEX5[0]" is stuck at GND
    Warning (13410): Pin "HEX5[1]" is stuck at GND
    Warning (13410): Pin "HEX5[2]" is stuck at GND
    Warning (13410): Pin "HEX5[3]" is stuck at GND
    Warning (13410): Pin "HEX5[4]" is stuck at GND
    Warning (13410): Pin "HEX5[5]" is stuck at GND
    Warning (13410): Pin "HEX5[6]" is stuck at GND
    Warning (13410): Pin "IRDA_TXD" is stuck at GND
    Warning (13410): Pin "LEDR[0]" is stuck at GND
    Warning (13410): Pin "LEDR[1]" is stuck at GND
    Warning (13410): Pin "LEDR[2]" is stuck at GND
    Warning (13410): Pin "LEDR[3]" is stuck at GND
    Warning (13410): Pin "LEDR[4]" is stuck at GND
    Warning (13410): Pin "LEDR[5]" is stuck at GND
    Warning (13410): Pin "LEDR[6]" is stuck at GND
    Warning (13410): Pin "LEDR[7]" is stuck at GND
    Warning (13410): Pin "LEDR[8]" is stuck at GND
    Warning (13410): Pin "LEDR[9]" is stuck at GND
    Warning (13410): Pin "TD_RESET_N" is stuck at GND
    Warning (13410): Pin "VGA_BLANK_N" is stuck at VCC
    Warning (13410): Pin "VGA_B[0]" is stuck at GND
    Warning (13410): Pin "VGA_B[1]" is stuck at GND
    Warning (13410): Pin "VGA_B[4]" is stuck at GND
    Warning (13410): Pin "VGA_G[0]" is stuck at GND
    Warning (13410): Pin "VGA_G[1]" is stuck at GND
    Warning (13410): Pin "VGA_G[2]" is stuck at GND
    Warning (13410): Pin "VGA_G[3]" is stuck at GND
    Warning (13410): Pin "VGA_G[4]" is stuck at GND
    Warning (13410): Pin "VGA_G[6]" is stuck at GND
    Warning (13410): Pin "VGA_SYNC_N" is stuck at VCC
Info (286030): Timing-Driven Synthesis is running
Info (16010): Generating hard_block partition "hard_block:auto_generated_inst"
    Info (16011): Adding 0 node(s), including 0 DDIO, 0 PLL, 0 transceiver and 0 LCELL
Warning (21074): Design contains 31 input pin(s) that do not drive logic
    Warning (15610): No output dependent on input pin "ADC_DOUT"
    Warning (15610): No output dependent on input pin "AUD_ADCDAT"
    Warning (15610): No output dependent on input pin "CLOCK2_50"
    Warning (15610): No output dependent on input pin "CLOCK3_50"
    Warning (15610): No output dependent on input pin "CLOCK4_50"
    Warning (15610): No output dependent on input pin "IRDA_RXD"
    Warning (15610): No output dependent on input pin "KEY[0]"
    Warning (15610): No output dependent on input pin "KEY[1]"
    Warning (15610): No output dependent on input pin "KEY[2]"
    Warning (15610): No output dependent on input pin "KEY[3]"
    Warning (15610): No output dependent on input pin "SW[0]"
    Warning (15610): No output dependent on input pin "SW[1]"
    Warning (15610): No output dependent on input pin "SW[2]"
    Warning (15610): No output dependent on input pin "SW[3]"
    Warning (15610): No output dependent on input pin "SW[4]"
    Warning (15610): No output dependent on input pin "SW[5]"
    Warning (15610): No output dependent on input pin "SW[6]"
    Warning (15610): No output dependent on input pin "SW[7]"
    Warning (15610): No output dependent on input pin "SW[8]"
    Warning (15610): No output dependent on input pin "SW[9]"
    Warning (15610): No output dependent on input pin "TD_CLK27"
    Warning (15610): No output dependent on input pin "TD_DATA[0]"
    Warning (15610): No output dependent on input pin "TD_DATA[1]"
    Warning (15610): No output dependent on input pin "TD_DATA[2]"
    Warning (15610): No output dependent on input pin "TD_DATA[3]"
    Warning (15610): No output dependent on input pin "TD_DATA[4]"
    Warning (15610): No output dependent on input pin "TD_DATA[5]"
    Warning (15610): No output dependent on input pin "TD_DATA[6]"
    Warning (15610): No output dependent on input pin "TD_DATA[7]"
    Warning (15610): No output dependent on input pin "TD_HS"
    Warning (15610): No output dependent on input pin "TD_VS"
Info (21057): Implemented 314 device resources after synthesis - the final resource count might be different
    Info (21058): Implemented 32 input pins
    Info (21059): Implemented 112 output pins
    Info (21060): Implemented 24 bidirectional pins
    Info (21061): Implemented 146 logic cells
Info: Quartus II 64-Bit Analysis & Synthesis was successful. 0 errors, 185 warnings
    Info: Peak virtual memory: 4670 megabytes
    Info: Processing ended: Wed Jun 05 19:54:18 2024
    Info: Elapsed time: 00:00:02
    Info: Total CPU time (on all processors): 00:00:02


